2018-07-11 17:55:07.624  INFO 8764 --- [main] c.k.example.test.HotelControllerTest     : Starting HotelControllerTest on instance-1 with PID 8764 (started by root in /root/spring-boot-rest-example)
2018-07-11 17:55:07.627  INFO 8764 --- [main] c.k.example.test.HotelControllerTest     : The following profiles are active: test
2018-07-11 17:55:07.715  INFO 8764 --- [main] o.s.w.c.s.GenericWebApplicationContext   : Refreshing org.springframework.web.context.support.GenericWebApplicationContext@2dfaea86: startup date [Wed Jul 11 17:55:07 UTC 2018]; root of context hierarchy
2018-07-11 17:55:11.973  INFO 8764 --- [main] trationDelegate$BeanPostProcessorChecker : Bean 'org.springframework.transaction.annotation.ProxyTransactionManagementConfiguration' of type [org.springframework.transaction.annotation.ProxyTransactionManagementConfiguration$$EnhancerBySpringCGLIB$$3863ff20] is not eligible for getting processed by all BeanPostProcessors (for example: not eligible for auto-proxying)
2018-07-11 17:55:13.781  INFO 8764 --- [main] j.LocalContainerEntityManagerFactoryBean : Building JPA container EntityManagerFactory for persistence unit 'default'
2018-07-11 17:55:13.822  INFO 8764 --- [main] o.hibernate.jpa.internal.util.LogHelper  : HHH000204: Processing PersistenceUnitInfo [
	name: default
	...]
2018-07-11 17:55:13.980  INFO 8764 --- [main] org.hibernate.Version                    : HHH000412: Hibernate Core {5.0.12.Final}
2018-07-11 17:55:13.982  INFO 8764 --- [main] org.hibernate.cfg.Environment            : HHH000206: hibernate.properties not found
2018-07-11 17:55:13.984  INFO 8764 --- [main] org.hibernate.cfg.Environment            : HHH000021: Bytecode provider name : javassist
2018-07-11 17:55:14.209  INFO 8764 --- [main] o.hibernate.annotations.common.Version   : HCANN000001: Hibernate Commons Annotations {5.0.1.Final}
2018-07-11 17:55:14.496  INFO 8764 --- [main] org.hibernate.dialect.Dialect            : HHH000400: Using dialect: org.hibernate.dialect.H2Dialect
2018-07-11 17:55:15.533  INFO 8764 --- [main] org.hibernate.tool.hbm2ddl.SchemaExport  : HHH000227: Running hbm2ddl schema export
2018-07-11 17:55:15.568  INFO 8764 --- [main] org.hibernate.tool.hbm2ddl.SchemaExport  : HHH000230: Schema export complete
2018-07-11 17:55:15.654  INFO 8764 --- [main] j.LocalContainerEntityManagerFactoryBean : Initialized JPA EntityManagerFactory for persistence unit 'default'
2018-07-11 17:55:16.600  WARN 8764 --- [main] figurationPropertiesBindingPostProcessor : The @ConfigurationProperties bean class com.khoubyari.example.service.ServiceProperties contains validation constraints but had not been annotated with @Validated.
2018-07-11 17:55:16.602  WARN 8764 --- [main] figurationPropertiesBindingPostProcessor : The @ConfigurationProperties bean class com.khoubyari.example.service.ServiceProperties contains validation constraints but had not been annotated with @Validated.
2018-07-11 17:55:16.604  WARN 8764 --- [main] figurationPropertiesBindingPostProcessor : The @ConfigurationProperties bean class com.khoubyari.example.service.ServiceProperties contains validation constraints but had not been annotated with @Validated.
2018-07-11 17:55:17.897  INFO 8764 --- [main] s.w.s.m.m.a.RequestMappingHandlerMapping : Mapped "{[/example/v1/hotels/{id}],methods=[GET],produces=[application/json || application/xml]}" onto public com.khoubyari.example.domain.Hotel com.khoubyari.example.api.rest.HotelController.getHotel(java.lang.Long,javax.servlet.http.HttpServletRequest,javax.servlet.http.HttpServletResponse) throws java.lang.Exception
2018-07-11 17:55:17.904  INFO 8764 --- [main] s.w.s.m.m.a.RequestMappingHandlerMapping : Mapped "{[/example/v1/hotels/{id}],methods=[PUT],consumes=[application/json || application/xml],produces=[application/json || application/xml]}" onto public void com.khoubyari.example.api.rest.HotelController.updateHotel(java.lang.Long,com.khoubyari.example.domain.Hotel,javax.servlet.http.HttpServletRequest,javax.servlet.http.HttpServletResponse)
2018-07-11 17:55:17.913  INFO 8764 --- [main] s.w.s.m.m.a.RequestMappingHandlerMapping : Mapped "{[/example/v1/hotels/{id}],methods=[DELETE],produces=[application/json || application/xml]}" onto public void com.khoubyari.example.api.rest.HotelController.deleteHotel(java.lang.Long,javax.servlet.http.HttpServletRequest,javax.servlet.http.HttpServletResponse)
2018-07-11 17:55:17.914  INFO 8764 --- [main] s.w.s.m.m.a.RequestMappingHandlerMapping : Mapped "{[/example/v1/hotels],methods=[GET],produces=[application/json || application/xml]}" onto public org.springframework.data.domain.Page<com.khoubyari.example.domain.Hotel> com.khoubyari.example.api.rest.HotelController.getAllHotel(java.lang.Integer,java.lang.Integer,javax.servlet.http.HttpServletRequest,javax.servlet.http.HttpServletResponse)
2018-07-11 17:55:17.915  INFO 8764 --- [main] s.w.s.m.m.a.RequestMappingHandlerMapping : Mapped "{[/example/v1/hotels],methods=[POST],consumes=[application/json || application/xml],produces=[application/json || application/xml]}" onto public void com.khoubyari.example.api.rest.HotelController.createHotel(com.khoubyari.example.domain.Hotel,javax.servlet.http.HttpServletRequest,javax.servlet.http.HttpServletResponse)
2018-07-11 17:55:17.916  INFO 8764 --- [main] s.w.s.m.m.a.RequestMappingHandlerMapping : Mapped "{[/v2/api-docs],methods=[GET],produces=[application/json || application/hal+json]}" onto public org.springframework.http.ResponseEntity<springfox.documentation.spring.web.json.Json> springfox.documentation.swagger2.web.Swagger2Controller.getDocumentation(java.lang.String,javax.servlet.http.HttpServletRequest)
2018-07-11 17:55:17.921  INFO 8764 --- [main] s.w.s.m.m.a.RequestMappingHandlerMapping : Mapped "{[/swagger-resources/configuration/security]}" onto org.springframework.http.ResponseEntity<springfox.documentation.swagger.web.SecurityConfiguration> springfox.documentation.swagger.web.ApiResourceController.securityConfiguration()
2018-07-11 17:55:17.922  INFO 8764 --- [main] s.w.s.m.m.a.RequestMappingHandlerMapping : Mapped "{[/swagger-resources]}" onto org.springframework.http.ResponseEntity<java.util.List<springfox.documentation.swagger.web.SwaggerResource>> springfox.documentation.swagger.web.ApiResourceController.swaggerResources()
2018-07-11 17:55:17.924  INFO 8764 --- [main] s.w.s.m.m.a.RequestMappingHandlerMapping : Mapped "{[/swagger-resources/configuration/ui]}" onto org.springframework.http.ResponseEntity<springfox.documentation.swagger.web.UiConfiguration> springfox.documentation.swagger.web.ApiResourceController.uiConfiguration()
2018-07-11 17:55:17.931  INFO 8764 --- [main] s.w.s.m.m.a.RequestMappingHandlerMapping : Mapped "{[/error],produces=[text/html]}" onto public org.springframework.web.servlet.ModelAndView org.springframework.boot.autoconfigure.web.BasicErrorController.errorHtml(javax.servlet.http.HttpServletRequest,javax.servlet.http.HttpServletResponse)
2018-07-11 17:55:17.932  INFO 8764 --- [main] s.w.s.m.m.a.RequestMappingHandlerMapping : Mapped "{[/error]}" onto public org.springframework.http.ResponseEntity<java.util.Map<java.lang.String, java.lang.Object>> org.springframework.boot.autoconfigure.web.BasicErrorController.error(javax.servlet.http.HttpServletRequest)
2018-07-11 17:55:19.462  INFO 8764 --- [main] s.w.s.m.m.a.RequestMappingHandlerAdapter : Looking for @ControllerAdvice: org.springframework.web.context.support.GenericWebApplicationContext@2dfaea86: startup date [Wed Jul 11 17:55:07 UTC 2018]; root of context hierarchy
2018-07-11 17:55:19.602  INFO 8764 --- [main] o.s.w.s.handler.SimpleUrlHandlerMapping  : Mapped URL path [/webjars/**] onto handler of type [class org.springframework.web.servlet.resource.ResourceHttpRequestHandler]
2018-07-11 17:55:19.604  INFO 8764 --- [main] o.s.w.s.handler.SimpleUrlHandlerMapping  : Mapped URL path [/**] onto handler of type [class org.springframework.web.servlet.resource.ResourceHttpRequestHandler]
2018-07-11 17:55:19.724  INFO 8764 --- [main] o.s.w.s.handler.SimpleUrlHandlerMapping  : Mapped URL path [/**/favicon.ico] onto handler of type [class org.springframework.web.servlet.resource.ResourceHttpRequestHandler]
2018-07-11 17:55:20.451  INFO 8764 --- [main] b.a.s.AuthenticationManagerConfiguration : 

Using default security password: 74259a28-b1c6-485f-9ced-4abc231d13d3

2018-07-11 17:55:20.563  INFO 8764 --- [main] o.s.s.web.DefaultSecurityFilterChain     : Creating filter chain: OrRequestMatcher [requestMatchers=[Ant [pattern='/css/**'], Ant [pattern='/js/**'], Ant [pattern='/images/**'], Ant [pattern='/webjars/**'], Ant [pattern='/**/favicon.ico'], Ant [pattern='/error']]], []
2018-07-11 17:55:20.565  INFO 8764 --- [main] o.s.s.web.DefaultSecurityFilterChain     : Creating filter chain: org.springframework.boot.actuate.autoconfigure.ManagementWebSecurityAutoConfiguration$LazyEndpointPathRequestMatcher@2f3cd727, []
2018-07-11 17:55:20.667  INFO 8764 --- [main] o.s.s.web.DefaultSecurityFilterChain     : Creating filter chain: org.springframework.boot.autoconfigure.security.SpringBootWebSecurityConfiguration$ApplicationNoWebSecurityConfigurerAdapter$1@17e6b7e4, [org.springframework.security.web.context.request.async.WebAsyncManagerIntegrationFilter@44c27b8b, org.springframework.security.web.context.SecurityContextPersistenceFilter@57f725b8, org.springframework.security.web.header.HeaderWriterFilter@77ec9fdb, org.springframework.security.web.csrf.CsrfFilter@2fca282c, org.springframework.security.web.authentication.logout.LogoutFilter@2a4cb8ae, org.springframework.security.web.savedrequest.RequestCacheAwareFilter@64540344, org.springframework.security.web.servletapi.SecurityContextHolderAwareRequestFilter@73a116d, org.springframework.security.web.authentication.AnonymousAuthenticationFilter@b842275, org.springframework.security.web.session.SessionManagementFilter@34652065, org.springframework.security.web.access.ExceptionTranslationFilter@146add7b]
2018-07-11 17:55:21.992  WARN 8764 --- [main] .s.b.a.a.EndpointWebMvcAutoConfiguration : Could not start embedded management container on different port (management endpoints are still available through JMX)
2018-07-11 17:55:22.005  INFO 8764 --- [main] o.s.c.support.DefaultLifecycleProcessor  : Starting beans in phase 2147483647
2018-07-11 17:55:22.012  INFO 8764 --- [main] d.s.w.p.DocumentationPluginsBootstrapper : Context refreshed
2018-07-11 17:55:22.058  INFO 8764 --- [main] d.s.w.p.DocumentationPluginsBootstrapper : Found 1 custom documentation plugin(s)
2018-07-11 17:55:22.093  INFO 8764 --- [main] s.d.s.w.s.ApiListingReferenceScanner     : Scanning for api listing references
2018-07-11 17:55:22.523  INFO 8764 --- [main] c.k.example.test.HotelControllerTest     : Started HotelControllerTest in 15.632 seconds (JVM running for 16.915)
2018-07-11 17:55:22.685  INFO 8764 --- [main] o.s.b.t.m.w.SpringBootMockServletContext : Initializing Spring FrameworkServlet ''
2018-07-11 17:55:22.686  INFO 8764 --- [main] o.s.t.web.servlet.TestDispatcherServlet  : FrameworkServlet '': initialization started
2018-07-11 17:55:22.730  INFO 8764 --- [main] o.s.t.web.servlet.TestDispatcherServlet  : FrameworkServlet '': initialization completed in 44 ms
2018-07-11 17:55:22.942  INFO 8764 --- [main] c.k.example.RestControllerAspect         : :::::AOP Before REST call:::::execution(void com.khoubyari.example.api.rest.HotelController.createHotel(Hotel,HttpServletRequest,HttpServletResponse))
2018-07-11 17:55:23.105  INFO 8764 --- [main] c.k.example.RestControllerAspect         : :::::AOP Before REST call:::::execution(Hotel com.khoubyari.example.api.rest.HotelController.getHotel(Long,HttpServletRequest,HttpServletResponse))
2018-07-11 17:55:23.198  INFO 8764 --- [main] c.k.example.RestControllerAspect         : :::::AOP Before REST call:::::execution(void com.khoubyari.example.api.rest.HotelController.deleteHotel(Long,HttpServletRequest,HttpServletResponse))
2018-07-11 17:55:23.218  INFO 8764 --- [main] c.k.example.RestControllerAspect         : :::::AOP Before REST call:::::execution(Hotel com.khoubyari.example.api.rest.HotelController.getHotel(Long,HttpServletRequest,HttpServletResponse))
2018-07-11 17:55:23.232  INFO 8764 --- [main] c.k.example.api.rest.HotelController     : ResourceNotFoundException handler:resource not found
2018-07-11 17:55:23.272  INFO 8764 --- [main] o.s.b.t.m.w.SpringBootMockServletContext : Initializing Spring FrameworkServlet ''
2018-07-11 17:55:23.273  INFO 8764 --- [main] o.s.t.web.servlet.TestDispatcherServlet  : FrameworkServlet '': initialization started
2018-07-11 17:55:23.285  INFO 8764 --- [main] o.s.t.web.servlet.TestDispatcherServlet  : FrameworkServlet '': initialization completed in 11 ms
2018-07-11 17:55:23.293  INFO 8764 --- [main] c.k.example.RestControllerAspect         : :::::AOP Before REST call:::::execution(void com.khoubyari.example.api.rest.HotelController.createHotel(Hotel,HttpServletRequest,HttpServletResponse))
2018-07-11 17:55:23.309  INFO 8764 --- [main] c.k.example.RestControllerAspect         : :::::AOP Before REST call:::::execution(void com.khoubyari.example.api.rest.HotelController.updateHotel(Long,Hotel,HttpServletRequest,HttpServletResponse))
2018-07-11 17:55:23.353  INFO 8764 --- [main] c.k.example.RestControllerAspect         : :::::AOP Before REST call:::::execution(Hotel com.khoubyari.example.api.rest.HotelController.getHotel(Long,HttpServletRequest,HttpServletResponse))
2018-07-11 17:55:23.385  INFO 8764 --- [main] c.k.example.RestControllerAspect         : :::::AOP Before REST call:::::execution(void com.khoubyari.example.api.rest.HotelController.deleteHotel(Long,HttpServletRequest,HttpServletResponse))
2018-07-11 17:55:23.439  INFO 8764 --- [Thread-4] o.s.w.c.s.GenericWebApplicationContext   : Closing org.springframework.web.context.support.GenericWebApplicationContext@2dfaea86: startup date [Wed Jul 11 17:55:07 UTC 2018]; root of context hierarchy
2018-07-11 17:55:23.452  INFO 8764 --- [Thread-4] o.s.c.support.DefaultLifecycleProcessor  : Stopping beans in phase 2147483647
2018-07-11 17:55:23.466  INFO 8764 --- [Thread-4] j.LocalContainerEntityManagerFactoryBean : Closing JPA EntityManagerFactory for persistence unit 'default'
2018-07-11 17:55:23.472  INFO 8764 --- [Thread-4] org.hibernate.tool.hbm2ddl.SchemaExport  : HHH000227: Running hbm2ddl schema export
2018-07-11 17:55:23.485 ERROR 8764 --- [Thread-4] org.hibernate.tool.hbm2ddl.SchemaExport  : HHH000231: Schema export unsuccessful

org.h2.jdbc.JdbcSQLException: Database is already closed (to disable automatic closing at VM shutdown, add ";DB_CLOSE_ON_EXIT=FALSE" to the db URL) [90121-193]
	at org.h2.message.DbException.getJdbcSQLException(DbException.java:345) ~[h2-1.4.193.jar:1.4.193]
	at org.h2.message.DbException.get(DbException.java:179) ~[h2-1.4.193.jar:1.4.193]
	at org.h2.message.DbException.get(DbException.java:155) ~[h2-1.4.193.jar:1.4.193]
	at org.h2.message.DbException.get(DbException.java:144) ~[h2-1.4.193.jar:1.4.193]
	at org.h2.jdbc.JdbcConnection.checkClosed(JdbcConnection.java:1483) ~[h2-1.4.193.jar:1.4.193]
	at org.h2.jdbc.JdbcConnection.checkClosed(JdbcConnection.java:1458) ~[h2-1.4.193.jar:1.4.193]
	at org.h2.jdbc.JdbcConnection.getAutoCommit(JdbcConnection.java:457) ~[h2-1.4.193.jar:1.4.193]
	at sun.reflect.NativeMethodAccessorImpl.invoke0(Native Method) ~[na:1.8.0_171]
	at sun.reflect.NativeMethodAccessorImpl.invoke(NativeMethodAccessorImpl.java:62) ~[na:1.8.0_171]
	at sun.reflect.DelegatingMethodAccessorImpl.invoke(DelegatingMethodAccessorImpl.java:43) ~[na:1.8.0_171]
	at java.lang.reflect.Method.invoke(Method.java:498) ~[na:1.8.0_171]
	at org.apache.tomcat.jdbc.pool.ProxyConnection.invoke(ProxyConnection.java:126) ~[tomcat-jdbc-8.5.23.jar:na]
	at org.apache.tomcat.jdbc.pool.JdbcInterceptor.invoke(JdbcInterceptor.java:108) ~[tomcat-jdbc-8.5.23.jar:na]
	at org.apache.tomcat.jdbc.pool.interceptor.AbstractCreateStatementInterceptor.invoke(AbstractCreateStatementInterceptor.java:79) ~[tomcat-jdbc-8.5.23.jar:na]
	at org.apache.tomcat.jdbc.pool.JdbcInterceptor.invoke(JdbcInterceptor.java:108) ~[tomcat-jdbc-8.5.23.jar:na]
	at org.apache.tomcat.jdbc.pool.DisposableConnectionFacade.invoke(DisposableConnectionFacade.java:81) ~[tomcat-jdbc-8.5.23.jar:na]
	at com.sun.proxy.$Proxy97.getAutoCommit(Unknown Source) ~[na:na]
	at org.hibernate.tool.hbm2ddl.SuppliedConnectionProviderConnectionHelper.prepare(SuppliedConnectionProviderConnectionHelper.java:34) ~[hibernate-core-5.0.12.Final.jar:5.0.12.Final]
	at org.hibernate.tool.hbm2ddl.DatabaseExporter.<init>(DatabaseExporter.java:35) ~[hibernate-core-5.0.12.Final.jar:5.0.12.Final]
	at org.hibernate.tool.hbm2ddl.SchemaExport.execute(SchemaExport.java:425) ~[hibernate-core-5.0.12.Final.jar:5.0.12.Final]
	at org.hibernate.tool.hbm2ddl.SchemaExport.drop(SchemaExport.java:375) ~[hibernate-core-5.0.12.Final.jar:5.0.12.Final]
	at org.hibernate.tool.hbm2ddl.SchemaExport.drop(SchemaExport.java:371) ~[hibernate-core-5.0.12.Final.jar:5.0.12.Final]
	at org.hibernate.internal.SessionFactoryImpl.close(SessionFactoryImpl.java:1081) ~[hibernate-core-5.0.12.Final.jar:5.0.12.Final]
	at org.hibernate.jpa.internal.EntityManagerFactoryImpl.close(EntityManagerFactoryImpl.java:347) ~[hibernate-entitymanager-5.0.12.Final.jar:5.0.12.Final]
	at sun.reflect.NativeMethodAccessorImpl.invoke0(Native Method) ~[na:1.8.0_171]
	at sun.reflect.NativeMethodAccessorImpl.invoke(NativeMethodAccessorImpl.java:62) ~[na:1.8.0_171]
	at sun.reflect.DelegatingMethodAccessorImpl.invoke(DelegatingMethodAccessorImpl.java:43) ~[na:1.8.0_171]
	at java.lang.reflect.Method.invoke(Method.java:498) ~[na:1.8.0_171]
	at org.springframework.orm.jpa.AbstractEntityManagerFactoryBean.invokeProxyMethod(AbstractEntityManagerFactoryBean.java:473) [spring-orm-4.3.13.RELEASE.jar:4.3.13.RELEASE]
	at org.springframework.orm.jpa.AbstractEntityManagerFactoryBean$ManagedEntityManagerFactoryInvocationHandler.invoke(AbstractEntityManagerFactoryBean.java:645) [spring-orm-4.3.13.RELEASE.jar:4.3.13.RELEASE]
	at com.sun.proxy.$Proxy107.close(Unknown Source) [na:na]
	at org.springframework.orm.jpa.AbstractEntityManagerFactoryBean.destroy(AbstractEntityManagerFactoryBean.java:565) [spring-orm-4.3.13.RELEASE.jar:4.3.13.RELEASE]
	at org.springframework.beans.factory.support.DisposableBeanAdapter.destroy(DisposableBeanAdapter.java:272) [spring-beans-4.3.13.RELEASE.jar:4.3.13.RELEASE]
	at org.springframework.beans.factory.support.DefaultSingletonBeanRegistry.destroyBean(DefaultSingletonBeanRegistry.java:578) [spring-beans-4.3.13.RELEASE.jar:4.3.13.RELEASE]
	at org.springframework.beans.factory.support.DefaultSingletonBeanRegistry.destroySingleton(DefaultSingletonBeanRegistry.java:554) [spring-beans-4.3.13.RELEASE.jar:4.3.13.RELEASE]
	at org.springframework.beans.factory.support.DefaultListableBeanFactory.destroySingleton(DefaultListableBeanFactory.java:961) [spring-beans-4.3.13.RELEASE.jar:4.3.13.RELEASE]
	at org.springframework.beans.factory.support.DefaultSingletonBeanRegistry.destroySingletons(DefaultSingletonBeanRegistry.java:523) [spring-beans-4.3.13.RELEASE.jar:4.3.13.RELEASE]
	at org.springframework.beans.factory.support.FactoryBeanRegistrySupport.destroySingletons(FactoryBeanRegistrySupport.java:230) [spring-beans-4.3.13.RELEASE.jar:4.3.13.RELEASE]
	at org.springframework.beans.factory.support.DefaultListableBeanFactory.destroySingletons(DefaultListableBeanFactory.java:968) [spring-beans-4.3.13.RELEASE.jar:4.3.13.RELEASE]
	at org.springframework.context.support.AbstractApplicationContext.destroyBeans(AbstractApplicationContext.java:1032) [spring-context-4.3.13.RELEASE.jar:4.3.13.RELEASE]
	at org.springframework.context.support.AbstractApplicationContext.doClose(AbstractApplicationContext.java:1008) [spring-context-4.3.13.RELEASE.jar:4.3.13.RELEASE]
	at org.springframework.context.support.AbstractApplicationContext$2.run(AbstractApplicationContext.java:929) [spring-context-4.3.13.RELEASE.jar:4.3.13.RELEASE]

2018-07-11 17:55:23.486  INFO 8764 --- [Thread-4] org.hibernate.tool.hbm2ddl.SchemaExport  : HHH000230: Schema export complete
2018-07-11 17:55:56.738  INFO 8911 --- [main] com.khoubyari.example.Application        : Starting Application v0.5.0 on instance-1 with PID 8911 (/root/spring-boot-rest-example/target/spring-boot-rest-example-0.5.0.war started by root in /root/spring-boot-rest-example)
2018-07-11 17:55:56.762  INFO 8911 --- [main] com.khoubyari.example.Application        : The following profiles are active: test
2018-07-11 17:55:56.981  INFO 8911 --- [main] ationConfigEmbeddedWebApplicationContext : Refreshing org.springframework.boot.context.embedded.AnnotationConfigEmbeddedWebApplicationContext@707f7052: startup date [Wed Jul 11 17:55:56 UTC 2018]; root of context hierarchy
2018-07-11 17:56:02.679  INFO 8911 --- [main] trationDelegate$BeanPostProcessorChecker : Bean 'org.springframework.transaction.annotation.ProxyTransactionManagementConfiguration' of type [org.springframework.transaction.annotation.ProxyTransactionManagementConfiguration$$EnhancerBySpringCGLIB$$2a69fbe8] is not eligible for getting processed by all BeanPostProcessors (for example: not eligible for auto-proxying)
2018-07-11 17:56:04.438  INFO 8911 --- [main] s.b.c.e.t.TomcatEmbeddedServletContainer : Tomcat initialized with port(s): 8090 (http)
2018-07-11 17:56:04.485  INFO 8911 --- [main] o.apache.catalina.core.StandardService   : Starting service [Tomcat]
2018-07-11 17:56:04.487  INFO 8911 --- [main] org.apache.catalina.core.StandardEngine  : Starting Servlet Engine: Apache Tomcat/8.5.23
2018-07-11 17:56:06.189  INFO 8911 --- [localhost-startStop-1] o.a.c.c.C.[Tomcat].[localhost].[/]       : Initializing Spring embedded WebApplicationContext
2018-07-11 17:56:06.190  INFO 8911 --- [localhost-startStop-1] o.s.web.context.ContextLoader            : Root WebApplicationContext: initialization completed in 9219 ms
2018-07-11 17:56:07.297  INFO 8911 --- [localhost-startStop-1] o.s.b.w.servlet.FilterRegistrationBean   : Mapping filter: 'metricsFilter' to: [/*]
2018-07-11 17:56:07.298  INFO 8911 --- [localhost-startStop-1] o.s.b.w.servlet.FilterRegistrationBean   : Mapping filter: 'characterEncodingFilter' to: [/*]
2018-07-11 17:56:07.298  INFO 8911 --- [localhost-startStop-1] o.s.b.w.servlet.FilterRegistrationBean   : Mapping filter: 'hiddenHttpMethodFilter' to: [/*]
2018-07-11 17:56:07.299  INFO 8911 --- [localhost-startStop-1] o.s.b.w.servlet.FilterRegistrationBean   : Mapping filter: 'httpPutFormContentFilter' to: [/*]
2018-07-11 17:56:07.300  INFO 8911 --- [localhost-startStop-1] o.s.b.w.servlet.FilterRegistrationBean   : Mapping filter: 'requestContextFilter' to: [/*]
2018-07-11 17:56:07.302  INFO 8911 --- [localhost-startStop-1] .s.DelegatingFilterProxyRegistrationBean : Mapping filter: 'springSecurityFilterChain' to: [/*]
2018-07-11 17:56:07.302  INFO 8911 --- [localhost-startStop-1] o.s.b.w.servlet.FilterRegistrationBean   : Mapping filter: 'webRequestLoggingFilter' to: [/*]
2018-07-11 17:56:07.303  INFO 8911 --- [localhost-startStop-1] o.s.b.w.servlet.FilterRegistrationBean   : Mapping filter: 'applicationContextIdFilter' to: [/*]
2018-07-11 17:56:07.304  INFO 8911 --- [localhost-startStop-1] o.s.b.w.servlet.ServletRegistrationBean  : Mapping servlet: 'dispatcherServlet' to [/]
2018-07-11 17:56:07.305  INFO 8911 --- [localhost-startStop-1] o.s.b.w.servlet.ServletRegistrationBean  : Mapping servlet: 'webServlet' to [/h2-console/*]
2018-07-11 17:56:08.790  INFO 8911 --- [main] j.LocalContainerEntityManagerFactoryBean : Building JPA container EntityManagerFactory for persistence unit 'default'
2018-07-11 17:56:08.839  INFO 8911 --- [main] o.hibernate.jpa.internal.util.LogHelper  : HHH000204: Processing PersistenceUnitInfo [
	name: default
	...]
2018-07-11 17:56:09.160  INFO 8911 --- [main] org.hibernate.Version                    : HHH000412: Hibernate Core {5.0.12.Final}
2018-07-11 17:56:09.163  INFO 8911 --- [main] org.hibernate.cfg.Environment            : HHH000206: hibernate.properties not found
2018-07-11 17:56:09.170  INFO 8911 --- [main] org.hibernate.cfg.Environment            : HHH000021: Bytecode provider name : javassist
2018-07-11 17:56:09.307  INFO 8911 --- [main] o.hibernate.annotations.common.Version   : HCANN000001: Hibernate Commons Annotations {5.0.1.Final}
2018-07-11 17:56:09.763  INFO 8911 --- [main] org.hibernate.dialect.Dialect            : HHH000400: Using dialect: org.hibernate.dialect.H2Dialect
2018-07-11 17:56:10.904  INFO 8911 --- [main] org.hibernate.tool.hbm2ddl.SchemaExport  : HHH000227: Running hbm2ddl schema export
2018-07-11 17:56:11.366  INFO 8911 --- [main] org.hibernate.tool.hbm2ddl.SchemaExport  : HHH000230: Schema export complete
2018-07-11 17:56:11.445  INFO 8911 --- [main] j.LocalContainerEntityManagerFactoryBean : Initialized JPA EntityManagerFactory for persistence unit 'default'
2018-07-11 17:56:11.565  WARN 8911 --- [main] figurationPropertiesBindingPostProcessor : The @ConfigurationProperties bean class com.khoubyari.example.service.ServiceProperties contains validation constraints but had not been annotated with @Validated.
2018-07-11 17:56:11.566  WARN 8911 --- [main] figurationPropertiesBindingPostProcessor : The @ConfigurationProperties bean class com.khoubyari.example.service.ServiceProperties contains validation constraints but had not been annotated with @Validated.
2018-07-11 17:56:11.566  WARN 8911 --- [main] figurationPropertiesBindingPostProcessor : The @ConfigurationProperties bean class com.khoubyari.example.service.ServiceProperties contains validation constraints but had not been annotated with @Validated.
2018-07-11 17:56:14.014  INFO 8911 --- [main] s.w.s.m.m.a.RequestMappingHandlerMapping : Mapped "{[/example/v1/hotels],methods=[POST],consumes=[application/json || application/xml],produces=[application/json || application/xml]}" onto public void com.khoubyari.example.api.rest.HotelController.createHotel(com.khoubyari.example.domain.Hotel,javax.servlet.http.HttpServletRequest,javax.servlet.http.HttpServletResponse)
2018-07-11 17:56:14.018  INFO 8911 --- [main] s.w.s.m.m.a.RequestMappingHandlerMapping : Mapped "{[/example/v1/hotels],methods=[GET],produces=[application/json || application/xml]}" onto public org.springframework.data.domain.Page<com.khoubyari.example.domain.Hotel> com.khoubyari.example.api.rest.HotelController.getAllHotel(java.lang.Integer,java.lang.Integer,javax.servlet.http.HttpServletRequest,javax.servlet.http.HttpServletResponse)
2018-07-11 17:56:14.019  INFO 8911 --- [main] s.w.s.m.m.a.RequestMappingHandlerMapping : Mapped "{[/example/v1/hotels/{id}],methods=[GET],produces=[application/json || application/xml]}" onto public com.khoubyari.example.domain.Hotel com.khoubyari.example.api.rest.HotelController.getHotel(java.lang.Long,javax.servlet.http.HttpServletRequest,javax.servlet.http.HttpServletResponse) throws java.lang.Exception
2018-07-11 17:56:14.024  INFO 8911 --- [main] s.w.s.m.m.a.RequestMappingHandlerMapping : Mapped "{[/example/v1/hotels/{id}],methods=[PUT],consumes=[application/json || application/xml],produces=[application/json || application/xml]}" onto public void com.khoubyari.example.api.rest.HotelController.updateHotel(java.lang.Long,com.khoubyari.example.domain.Hotel,javax.servlet.http.HttpServletRequest,javax.servlet.http.HttpServletResponse)
2018-07-11 17:56:14.025  INFO 8911 --- [main] s.w.s.m.m.a.RequestMappingHandlerMapping : Mapped "{[/example/v1/hotels/{id}],methods=[DELETE],produces=[application/json || application/xml]}" onto public void com.khoubyari.example.api.rest.HotelController.deleteHotel(java.lang.Long,javax.servlet.http.HttpServletRequest,javax.servlet.http.HttpServletResponse)
2018-07-11 17:56:14.030  INFO 8911 --- [main] s.w.s.m.m.a.RequestMappingHandlerMapping : Mapped "{[/v2/api-docs],methods=[GET],produces=[application/json || application/hal+json]}" onto public org.springframework.http.ResponseEntity<springfox.documentation.spring.web.json.Json> springfox.documentation.swagger2.web.Swagger2Controller.getDocumentation(java.lang.String,javax.servlet.http.HttpServletRequest)
2018-07-11 17:56:14.040  INFO 8911 --- [main] s.w.s.m.m.a.RequestMappingHandlerMapping : Mapped "{[/swagger-resources/configuration/security]}" onto org.springframework.http.ResponseEntity<springfox.documentation.swagger.web.SecurityConfiguration> springfox.documentation.swagger.web.ApiResourceController.securityConfiguration()
2018-07-11 17:56:14.041  INFO 8911 --- [main] s.w.s.m.m.a.RequestMappingHandlerMapping : Mapped "{[/swagger-resources]}" onto org.springframework.http.ResponseEntity<java.util.List<springfox.documentation.swagger.web.SwaggerResource>> springfox.documentation.swagger.web.ApiResourceController.swaggerResources()
2018-07-11 17:56:14.041  INFO 8911 --- [main] s.w.s.m.m.a.RequestMappingHandlerMapping : Mapped "{[/swagger-resources/configuration/ui]}" onto org.springframework.http.ResponseEntity<springfox.documentation.swagger.web.UiConfiguration> springfox.documentation.swagger.web.ApiResourceController.uiConfiguration()
2018-07-11 17:56:14.044  INFO 8911 --- [main] s.w.s.m.m.a.RequestMappingHandlerMapping : Mapped "{[/error],produces=[text/html]}" onto public org.springframework.web.servlet.ModelAndView org.springframework.boot.autoconfigure.web.BasicErrorController.errorHtml(javax.servlet.http.HttpServletRequest,javax.servlet.http.HttpServletResponse)
2018-07-11 17:56:14.046  INFO 8911 --- [main] s.w.s.m.m.a.RequestMappingHandlerMapping : Mapped "{[/error]}" onto public org.springframework.http.ResponseEntity<java.util.Map<java.lang.String, java.lang.Object>> org.springframework.boot.autoconfigure.web.BasicErrorController.error(javax.servlet.http.HttpServletRequest)
2018-07-11 17:56:15.359  INFO 8911 --- [main] s.w.s.m.m.a.RequestMappingHandlerAdapter : Looking for @ControllerAdvice: org.springframework.boot.context.embedded.AnnotationConfigEmbeddedWebApplicationContext@707f7052: startup date [Wed Jul 11 17:55:56 UTC 2018]; root of context hierarchy
2018-07-11 17:56:15.562  INFO 8911 --- [main] o.s.w.s.handler.SimpleUrlHandlerMapping  : Mapped URL path [/webjars/**] onto handler of type [class org.springframework.web.servlet.resource.ResourceHttpRequestHandler]
2018-07-11 17:56:15.565  INFO 8911 --- [main] o.s.w.s.handler.SimpleUrlHandlerMapping  : Mapped URL path [/**] onto handler of type [class org.springframework.web.servlet.resource.ResourceHttpRequestHandler]
2018-07-11 17:56:15.726  INFO 8911 --- [main] o.s.w.s.handler.SimpleUrlHandlerMapping  : Mapped URL path [/**/favicon.ico] onto handler of type [class org.springframework.web.servlet.resource.ResourceHttpRequestHandler]
2018-07-11 17:56:16.592  INFO 8911 --- [main] b.a.s.AuthenticationManagerConfiguration : 

Using default security password: 7e383890-a44b-4748-b787-f4dd373e8980

2018-07-11 17:56:16.751  INFO 8911 --- [main] o.s.s.web.DefaultSecurityFilterChain     : Creating filter chain: OrRequestMatcher [requestMatchers=[Ant [pattern='/css/**'], Ant [pattern='/js/**'], Ant [pattern='/images/**'], Ant [pattern='/webjars/**'], Ant [pattern='/**/favicon.ico'], Ant [pattern='/error']]], []
2018-07-11 17:56:16.756  INFO 8911 --- [main] o.s.s.web.DefaultSecurityFilterChain     : Creating filter chain: org.springframework.boot.actuate.autoconfigure.ManagementWebSecurityAutoConfiguration$LazyEndpointPathRequestMatcher@5d25e6bb, []
2018-07-11 17:56:16.961  INFO 8911 --- [main] o.s.s.web.DefaultSecurityFilterChain     : Creating filter chain: org.springframework.boot.autoconfigure.security.SpringBootWebSecurityConfiguration$ApplicationNoWebSecurityConfigurerAdapter$1@77307458, [org.springframework.security.web.context.request.async.WebAsyncManagerIntegrationFilter@1fc0053e, org.springframework.security.web.context.SecurityContextPersistenceFilter@5af28b27, org.springframework.security.web.header.HeaderWriterFilter@664a9613, org.springframework.security.web.csrf.CsrfFilter@3a1d593e, org.springframework.security.web.authentication.logout.LogoutFilter@7bf9b098, org.springframework.security.web.savedrequest.RequestCacheAwareFilter@5217f3d0, org.springframework.security.web.servletapi.SecurityContextHolderAwareRequestFilter@2416a51, org.springframework.security.web.authentication.AnonymousAuthenticationFilter@290b1b2e, org.springframework.security.web.session.SessionManagementFilter@15a902e7, org.springframework.security.web.access.ExceptionTranslationFilter@7859e786]
2018-07-11 17:56:18.418  INFO 8911 --- [main] ationConfigEmbeddedWebApplicationContext : Refreshing org.springframework.boot.context.embedded.AnnotationConfigEmbeddedWebApplicationContext@5dda6f9: startup date [Wed Jul 11 17:56:18 UTC 2018]; parent: org.springframework.boot.context.embedded.AnnotationConfigEmbeddedWebApplicationContext@707f7052
2018-07-11 17:56:18.531  INFO 8911 --- [main] o.s.b.f.s.DefaultListableBeanFactory     : Overriding bean definition for bean 'handlerExceptionResolver' with a different definition: replacing [Root bean: class [null]; scope=; abstract=false; lazyInit=false; autowireMode=3; dependencyCheck=0; autowireCandidate=true; primary=false; factoryBeanName=org.springframework.web.servlet.config.annotation.DelegatingWebMvcConfiguration; factoryMethodName=handlerExceptionResolver; initMethodName=null; destroyMethodName=(inferred); defined in org.springframework.web.servlet.config.annotation.DelegatingWebMvcConfiguration] with [Root bean: class [null]; scope=; abstract=false; lazyInit=false; autowireMode=3; dependencyCheck=0; autowireCandidate=true; primary=false; factoryBeanName=endpointWebMvcChildContextConfiguration; factoryMethodName=compositeHandlerExceptionResolver; initMethodName=null; destroyMethodName=(inferred); defined in org.springframework.boot.actuate.autoconfigure.EndpointWebMvcChildContextConfiguration]
2018-07-11 17:56:18.679  INFO 8911 --- [main] s.b.c.e.t.TomcatEmbeddedServletContainer : Tomcat initialized with port(s): 8091 (http)
2018-07-11 17:56:18.681  INFO 8911 --- [main] o.apache.catalina.core.StandardService   : Starting service [Tomcat]
2018-07-11 17:56:18.683  INFO 8911 --- [main] org.apache.catalina.core.StandardEngine  : Starting Servlet Engine: Apache Tomcat/8.5.23
2018-07-11 17:56:20.266  INFO 8911 --- [localhost-startStop-1] o.a.c.c.C.[Tomcat-1].[localhost].[/]     : Initializing Spring embedded WebApplicationContext
2018-07-11 17:56:20.266  INFO 8911 --- [localhost-startStop-1] o.s.web.context.ContextLoader            : Root WebApplicationContext: initialization completed in 1848 ms
2018-07-11 17:56:20.473  INFO 8911 --- [localhost-startStop-1] o.s.b.w.servlet.ServletRegistrationBean  : Mapping servlet: 'dispatcherServlet' to [/]
2018-07-11 17:56:20.475  INFO 8911 --- [localhost-startStop-1] o.s.b.w.servlet.FilterRegistrationBean   : Mapping filter: 'springSecurityFilterChain' to: [/*]
2018-07-11 17:56:20.752  INFO 8911 --- [main] o.s.b.a.e.mvc.EndpointHandlerMapping     : Mapped "{[/loggers/{name:.*}],methods=[GET],produces=[application/vnd.spring-boot.actuator.v1+json || application/json]}" onto public java.lang.Object org.springframework.boot.actuate.endpoint.mvc.LoggersMvcEndpoint.get(java.lang.String)
2018-07-11 17:56:20.753  INFO 8911 --- [main] o.s.b.a.e.mvc.EndpointHandlerMapping     : Mapped "{[/loggers/{name:.*}],methods=[POST],consumes=[application/vnd.spring-boot.actuator.v1+json || application/json],produces=[application/vnd.spring-boot.actuator.v1+json || application/json]}" onto public java.lang.Object org.springframework.boot.actuate.endpoint.mvc.LoggersMvcEndpoint.set(java.lang.String,java.util.Map<java.lang.String, java.lang.String>)
2018-07-11 17:56:20.754  INFO 8911 --- [main] o.s.b.a.e.mvc.EndpointHandlerMapping     : Mapped "{[/loggers || /loggers.json],methods=[GET],produces=[application/vnd.spring-boot.actuator.v1+json || application/json]}" onto public java.lang.Object org.springframework.boot.actuate.endpoint.mvc.EndpointMvcAdapter.invoke()
2018-07-11 17:56:20.756  INFO 8911 --- [main] o.s.b.a.e.mvc.EndpointHandlerMapping     : Mapped "{[/heapdump || /heapdump.json],methods=[GET],produces=[application/octet-stream]}" onto public void org.springframework.boot.actuate.endpoint.mvc.HeapdumpMvcEndpoint.invoke(boolean,javax.servlet.http.HttpServletRequest,javax.servlet.http.HttpServletResponse) throws java.io.IOException,javax.servlet.ServletException
2018-07-11 17:56:20.765  INFO 8911 --- [main] o.s.b.a.e.mvc.EndpointHandlerMapping     : Mapped "{[/metrics/{name:.*}],methods=[GET],produces=[application/vnd.spring-boot.actuator.v1+json || application/json]}" onto public java.lang.Object org.springframework.boot.actuate.endpoint.mvc.MetricsMvcEndpoint.value(java.lang.String)
2018-07-11 17:56:20.766  INFO 8911 --- [main] o.s.b.a.e.mvc.EndpointHandlerMapping     : Mapped "{[/metrics || /metrics.json],methods=[GET],produces=[application/vnd.spring-boot.actuator.v1+json || application/json]}" onto public java.lang.Object org.springframework.boot.actuate.endpoint.mvc.EndpointMvcAdapter.invoke()
2018-07-11 17:56:20.766  INFO 8911 --- [main] o.s.b.a.e.mvc.EndpointHandlerMapping     : Mapped "{[/auditevents || /auditevents.json],methods=[GET],produces=[application/vnd.spring-boot.actuator.v1+json || application/json]}" onto public org.springframework.http.ResponseEntity<?> org.springframework.boot.actuate.endpoint.mvc.AuditEventsMvcEndpoint.findByPrincipalAndAfterAndType(java.lang.String,java.util.Date,java.lang.String)
2018-07-11 17:56:20.767  INFO 8911 --- [main] o.s.b.a.e.mvc.EndpointHandlerMapping     : Mapped "{[/configprops || /configprops.json],methods=[GET],produces=[application/vnd.spring-boot.actuator.v1+json || application/json]}" onto public java.lang.Object org.springframework.boot.actuate.endpoint.mvc.EndpointMvcAdapter.invoke()
2018-07-11 17:56:20.768  INFO 8911 --- [main] o.s.b.a.e.mvc.EndpointHandlerMapping     : Mapped "{[/logfile || /logfile.json],methods=[GET || HEAD]}" onto public void org.springframework.boot.actuate.endpoint.mvc.LogFileMvcEndpoint.invoke(javax.servlet.http.HttpServletRequest,javax.servlet.http.HttpServletResponse) throws javax.servlet.ServletException,java.io.IOException
2018-07-11 17:56:20.768  INFO 8911 --- [main] o.s.b.a.e.mvc.EndpointHandlerMapping     : Mapped "{[/beans || /beans.json],methods=[GET],produces=[application/vnd.spring-boot.actuator.v1+json || application/json]}" onto public java.lang.Object org.springframework.boot.actuate.endpoint.mvc.EndpointMvcAdapter.invoke()
2018-07-11 17:56:20.771  INFO 8911 --- [main] o.s.b.a.e.mvc.EndpointHandlerMapping     : Mapped "{[/mappings || /mappings.json],methods=[GET],produces=[application/vnd.spring-boot.actuator.v1+json || application/json]}" onto public java.lang.Object org.springframework.boot.actuate.endpoint.mvc.EndpointMvcAdapter.invoke()
2018-07-11 17:56:20.773  INFO 8911 --- [main] o.s.b.a.e.mvc.EndpointHandlerMapping     : Mapped "{[/info || /info.json],methods=[GET],produces=[application/vnd.spring-boot.actuator.v1+json || application/json]}" onto public java.lang.Object org.springframework.boot.actuate.endpoint.mvc.EndpointMvcAdapter.invoke()
2018-07-11 17:56:20.775  INFO 8911 --- [main] o.s.b.a.e.mvc.EndpointHandlerMapping     : Mapped "{[/dump || /dump.json],methods=[GET],produces=[application/vnd.spring-boot.actuator.v1+json || application/json]}" onto public java.lang.Object org.springframework.boot.actuate.endpoint.mvc.EndpointMvcAdapter.invoke()
2018-07-11 17:56:20.779  INFO 8911 --- [main] o.s.b.a.e.mvc.EndpointHandlerMapping     : Mapped "{[/health || /health.json],methods=[GET],produces=[application/vnd.spring-boot.actuator.v1+json || application/json]}" onto public java.lang.Object org.springframework.boot.actuate.endpoint.mvc.HealthMvcEndpoint.invoke(javax.servlet.http.HttpServletRequest,java.security.Principal)
2018-07-11 17:56:20.779  INFO 8911 --- [main] o.s.b.a.e.mvc.EndpointHandlerMapping     : Mapped "{[/autoconfig || /autoconfig.json],methods=[GET],produces=[application/vnd.spring-boot.actuator.v1+json || application/json]}" onto public java.lang.Object org.springframework.boot.actuate.endpoint.mvc.EndpointMvcAdapter.invoke()
2018-07-11 17:56:20.781  INFO 8911 --- [main] o.s.b.a.e.mvc.EndpointHandlerMapping     : Mapped "{[/trace || /trace.json],methods=[GET],produces=[application/vnd.spring-boot.actuator.v1+json || application/json]}" onto public java.lang.Object org.springframework.boot.actuate.endpoint.mvc.EndpointMvcAdapter.invoke()
2018-07-11 17:56:20.782  INFO 8911 --- [main] o.s.b.a.e.mvc.EndpointHandlerMapping     : Mapped "{[/env/{name:.*}],methods=[GET],produces=[application/vnd.spring-boot.actuator.v1+json || application/json]}" onto public java.lang.Object org.springframework.boot.actuate.endpoint.mvc.EnvironmentMvcEndpoint.value(java.lang.String)
2018-07-11 17:56:20.782  INFO 8911 --- [main] o.s.b.a.e.mvc.EndpointHandlerMapping     : Mapped "{[/env || /env.json],methods=[GET],produces=[application/vnd.spring-boot.actuator.v1+json || application/json]}" onto public java.lang.Object org.springframework.boot.actuate.endpoint.mvc.EndpointMvcAdapter.invoke()
2018-07-11 17:56:20.819  INFO 8911 --- [main] s.w.s.m.m.a.RequestMappingHandlerMapping : Mapped "{[/error]}" onto public java.util.Map<java.lang.String, java.lang.Object> org.springframework.boot.actuate.endpoint.mvc.ManagementErrorEndpoint.invoke()
2018-07-11 17:56:20.832  INFO 8911 --- [main] o.s.w.s.handler.SimpleUrlHandlerMapping  : Mapped URL path [/webjars/**] onto handler of type [class org.springframework.web.servlet.resource.ResourceHttpRequestHandler]
2018-07-11 17:56:20.834  INFO 8911 --- [main] o.s.w.s.handler.SimpleUrlHandlerMapping  : Mapped URL path [/**] onto handler of type [class org.springframework.web.servlet.resource.ResourceHttpRequestHandler]
2018-07-11 17:56:20.900  INFO 8911 --- [main] s.w.s.m.m.a.RequestMappingHandlerAdapter : Looking for @ControllerAdvice: org.springframework.boot.context.embedded.AnnotationConfigEmbeddedWebApplicationContext@5dda6f9: startup date [Wed Jul 11 17:56:18 UTC 2018]; parent: org.springframework.boot.context.embedded.AnnotationConfigEmbeddedWebApplicationContext@707f7052
2018-07-11 17:56:21.129  INFO 8911 --- [main] s.b.c.e.t.TomcatEmbeddedServletContainer : Tomcat started on port(s): 8091 (http)
2018-07-11 17:56:21.139  INFO 8911 --- [main] o.s.c.support.DefaultLifecycleProcessor  : Starting beans in phase 2147483647
2018-07-11 17:56:21.144  INFO 8911 --- [main] d.s.w.p.DocumentationPluginsBootstrapper : Context refreshed
2018-07-11 17:56:21.192  INFO 8911 --- [main] d.s.w.p.DocumentationPluginsBootstrapper : Found 1 custom documentation plugin(s)
2018-07-11 17:56:21.214  INFO 8911 --- [main] s.d.s.w.s.ApiListingReferenceScanner     : Scanning for api listing references
2018-07-11 17:56:21.686  INFO 8911 --- [main] s.b.c.e.t.TomcatEmbeddedServletContainer : Tomcat started on port(s): 8090 (http)
2018-07-11 17:56:21.699  INFO 8911 --- [main] com.khoubyari.example.Application        : Started Application in 26.316 seconds (JVM running for 27.305)
2018-07-11 17:59:01.724  INFO 8911 --- [Thread-6] ationConfigEmbeddedWebApplicationContext : Closing org.springframework.boot.context.embedded.AnnotationConfigEmbeddedWebApplicationContext@707f7052: startup date [Wed Jul 11 17:55:56 UTC 2018]; root of context hierarchy
2018-07-11 17:59:01.733  INFO 8911 --- [Thread-6] ationConfigEmbeddedWebApplicationContext : Closing org.springframework.boot.context.embedded.AnnotationConfigEmbeddedWebApplicationContext@5dda6f9: startup date [Wed Jul 11 17:56:18 UTC 2018]; parent: org.springframework.boot.context.embedded.AnnotationConfigEmbeddedWebApplicationContext@707f7052
2018-07-11 17:59:01.773  INFO 8911 --- [Thread-6] o.s.c.support.DefaultLifecycleProcessor  : Stopping beans in phase 2147483647
2018-07-11 17:59:01.779  INFO 8911 --- [Thread-6] j.LocalContainerEntityManagerFactoryBean : Closing JPA EntityManagerFactory for persistence unit 'default'
2018-07-11 17:59:01.788  INFO 8911 --- [Thread-6] org.hibernate.tool.hbm2ddl.SchemaExport  : HHH000227: Running hbm2ddl schema export
2018-07-11 17:59:01.805  INFO 8911 --- [Thread-6] org.hibernate.tool.hbm2ddl.SchemaExport  : HHH000230: Schema export complete
